<?xml version="1.0" encoding="UTF-8"?>
<testsuite name="org.example.JsonKStreamTest" tests="1" skipped="0" failures="0" errors="0" timestamp="2022-12-31T16:28:13" hostname="Air-von-Ankush" time="0.893">
  <properties/>
  <testcase name="countByKey()" classname="org.example.JsonKStreamTest" time="0.893"/>
  <system-out><![CDATA[]]></system-out>
  <system-err><![CDATA[SLF4J: Failed to load class "org.slf4j.impl.StaticLoggerBinder".
SLF4J: Defaulting to no-operation (NOP) logger implementation
SLF4J: See http://www.slf4j.org/codes.html#StaticLoggerBinder for further details.
]]></system-err>
</testsuite>
